Arguments: 
  /usr/local/bin/node /usr/share/yarn/bin/yarn.js

PATH: 
  /usr/local/n/versions/node/14.13.1/bin/node:/home/george/.cargo/bin:/usr/local/sbin:/usr/local/bin:/usr/sbin:/usr/bin:/sbin:/bin:/usr/games:/usr/local/games:/mnt/c/Program Files/PowerShell/7:/mnt/c/Program Files (x86)/NetSarang/Xshell 6/:/mnt/c/WINDOWS/system32:/mnt/c/WINDOWS:/mnt/c/WINDOWS/System32/Wbem:/mnt/c/WINDOWS/System32/WindowsPowerShell/v1.0/:/mnt/c/WINDOWS/System32/OpenSSH/:/mnt/c/Program Files/Git/cmd:/mnt/c/Program Files/dotnet/:/mnt/c/Workspace/env/Python38/Scripts:/mnt/c/Workspace/env/Python38:/mnt/c/Program Files/PowerShell/7/:/mnt/c/Users/Georg/.cargo/bin:/mnt/c/Users/Georg/scoop/apps/nodejs/current/bin:/mnt/c/Users/Georg/scoop/apps/nodejs/current:/mnt/c/Workspace/env/Python38/:/mnt/c/Users/Georg/scoop/shims:/mnt/c/Program Files/Java/jre7/bin:/mnt/c/ProgramData/Oracle/Java/javapath:/mnt/c/Workspace/env/Python38/Scripts/:/mnt/c/Users/Georg/AppData/Local/Microsoft/WindowsApps:/mnt/c/Program Files/JetBrains/PyCharm 2019.2.3/bin:/mnt/c/Program Files/Bandizip/:/mnt/c/work/env/flutter/bin:/mnt/c/Program Files/Java/jdk1.7.0_80/bin:/mnt/c/Program Files/JetBrains/PyCharm 2020.1.2/bin:/mnt/c/Users/Georg/AppData/Local/Programs/Microsoft VS Code/bin:/mnt/c/Users/Georg/.dotnet/tools:/mnt/c/Program Files (x86)/GitHub CLI/:/mnt/c/Users/Georg/AppData/Local/Yarn/bin:/mnt/c/Users/Georg/AppData/Local/Programs/Microsoft VS Code Insiders/bin:/mnt/c/Users/Georg/AppData/Local/Microsoft/WindowsApps:/mnt/c/Program Files/JetBrains/IntelliJ IDEA 2021.1.3/bin:/home/george/.yarn/bin

Yarn version: 
  1.22.5

Node version: 
  14.13.1

Platform: 
  linux x64

Trace: 
  Error: getaddrinfo EAI_AGAIN registry.npm.taobao.org
      at GetAddrInfoReqWrap.onlookup [as oncomplete] (dns.js:67:26)

npm manifest: 
  {
    "private": true,
    "name": "svelte-ts-template",
    "version": "1.0.0",
    "devDependencies": {
      "@pyoner/svelte-ts-preprocess": "^1.3.0",
      "@pyoner/svelte-types": "^3.4.4-2",
      "@rollup/plugin-alias": "^3.1.5",
      "@rollup/plugin-commonjs": "^20.0.0",
      "@rollup/plugin-node-resolve": "^13.0.4",
      "@tsconfig/svelte": "^2.0.1",
      "@types/jest": "^26.0.24",
      "jest": "^27.0.6",
      "npm-run-all": "^4.1.5",
      "rollup": "^2.55.1",
      "rollup-plugin-import-css": "^3.0.0",
      "rollup-plugin-svelte": "^7.1.0",
      "rollup-plugin-terser": "^4.0.4",
      "rollup-plugin-typescript2": "^0.30.0",
      "sirv-cli": "^0.3.1",
      "svelte": "^3.41.0",
      "ts-jest": "^27.0.4",
      "typescript": "^3.4.5"
    },
    "scripts": {
      "build": "rollup -c",
      "autobuild": "rollup -c -w",
      "dev": "run-p start:dev autobuild",
      "start": "sirv public",
      "start:dev": "sirv public --dev"
    },
    "dependencies": {}
  }

yarn manifest: 
  No manifest

Lockfile: 
  No lockfile
