Arguments: 
  /usr/local/bin/node /usr/bin/yarn

PATH: 
  /home/pop/.pyenv/shims:/home/pop/.pyenv/bin:/opt/google-cloud-sdk/bin:/usr/local/sbin:/usr/local/bin:/usr/bin:/opt/android-sdk/emulator:/opt/android-sdk/platform-tools:/opt/android-sdk/tools:/opt/android-sdk/tools/bin:/home/pop/.dotnet/tools:/usr/lib/jvm/default/bin:/usr/bin/site_perl:/usr/bin/vendor_perl:/usr/bin/core_perl:/home/pop/.cargo/bin:/home/pop/.npm-packages/bin:/home/pop/go/bin:/home/pop/.local/bin:/usr/local/go/bin

Yarn version: 
  1.22.10

Node version: 
  15.12.0

Platform: 
  linux x64

Trace: 
  SyntaxError: /home/pop/Dropbox/Dev/Projects/go-pop-lol/backend/package.json: Unexpected token } in JSON at position 395
      at JSON.parse (<anonymous>)
      at /usr/lib/node_modules/yarn/lib/cli.js:1625:59
      at Generator.next (<anonymous>)
      at step (/usr/lib/node_modules/yarn/lib/cli.js:310:30)
      at /usr/lib/node_modules/yarn/lib/cli.js:321:13

npm manifest: 
  {
    "name": "worker-typescript-template",
    "version": "1.0.0",
    "description": "Cloudflare worker TypeScript template",
    "main": "dist/worker.js",
    "scripts": {
      "build": "webpack",
      "format": "prettier --write  '*.{json,js}' 'src/**/*.{js,ts}' 'test/**/*.{js,ts}'",
      "lint": "eslint --max-warnings=0 src && prettier --check '*.{json,js}' 'src/**/*.{js,ts}' 'test/**/*.{js,ts}'",
    },
    "author": "author",
    "license": "MIT OR Apache-2.0",
    "eslintConfig": {
      "root": true,
      "extends": [
        "typescript",
        "prettier"
      ]
    },
    "devDependencies": {
      "@cloudflare/workers-types": "^2.2.2",
      "@types/service-worker-mock": "^2.0.1",
      "@typescript-eslint/eslint-plugin": "^4.16.1",
      "@typescript-eslint/parser": "^4.16.1",
      "eslint": "^7.21.0",
      "eslint-config-prettier": "^8.1.0",
      "eslint-config-typescript": "^3.0.0",
      "prettier": "^2.3.0",
      "service-worker-mock": "^2.0.5",
      "ts-loader": "^9.2.2",
      "typescript": "^4.3.2",
      "webpack": "^5.38.1",
      "webpack-cli": "^4.7.0"
    }
  }

yarn manifest: 
  No manifest

Lockfile: 
  No lockfile
